<?xml version="1.0" encoding="UTF-8"?>
<testng-results ignored="0" total="2" passed="2" failed="0" skipped="0">
  <reporter-output>
  </reporter-output>
  <suite started-at="2025-02-17T23:23:13 IST" name="Suite" finished-at="2025-02-17T23:24:17 IST" duration-ms="64191">
    <groups>
    </groups>
    <test started-at="2025-02-17T23:23:13 IST" name="chrome" finished-at="2025-02-17T23:23:47 IST" duration-ms="34245">
      <class name="Home.Test">
        <test-method is-config="true" signature="setup(java.lang.String)[pri:0, instance:Home.Test@8462f31]" started-at="2025-02-17T23:23:13 IST" name="setup" finished-at="2025-02-17T23:23:17 IST" duration-ms="3714" status="PASS">
          <params>
            <param index="0">
              <value>
                <![CDATA[chrome]]>
              </value>
            </param>
          </params>
          <reporter-output>
          </reporter-output>
        </test-method> <!-- setup -->
        <test-method is-config="true" signature="url()[pri:0, instance:Home.Test@8462f31]" started-at="2025-02-17T23:23:17 IST" name="url" finished-at="2025-02-17T23:23:22 IST" duration-ms="5121" status="PASS">
          <reporter-output>
          </reporter-output>
        </test-method> <!-- url -->
        <test-method signature="test01()[pri:0, instance:Home.Test@8462f31]" started-at="2025-02-17T23:23:22 IST" name="test01" finished-at="2025-02-17T23:23:47 IST" duration-ms="25114" status="PASS">
          <reporter-output>
          </reporter-output>
        </test-method> <!-- test01 -->
        <test-method is-config="true" signature="end()[pri:0, instance:Home.Test@8462f31]" started-at="2025-02-17T23:23:47 IST" name="end" finished-at="2025-02-17T23:23:47 IST" duration-ms="233" status="PASS">
          <reporter-output>
          </reporter-output>
        </test-method> <!-- end -->
      </class> <!-- Home.Test -->
    </test> <!-- chrome -->
    <test started-at="2025-02-17T23:23:47 IST" name="edge" finished-at="2025-02-17T23:24:17 IST" duration-ms="29891">
      <class name="Home.Test">
        <test-method is-config="true" signature="setup(java.lang.String)[pri:0, instance:Home.Test@43f02ef2]" started-at="2025-02-17T23:23:47 IST" name="setup" finished-at="2025-02-17T23:23:50 IST" duration-ms="2671" status="PASS">
          <params>
            <param index="0">
              <value>
                <![CDATA[edge]]>
              </value>
            </param>
          </params>
          <reporter-output>
          </reporter-output>
        </test-method> <!-- setup -->
        <test-method is-config="true" signature="url()[pri:0, instance:Home.Test@43f02ef2]" started-at="2025-02-17T23:23:50 IST" name="url" finished-at="2025-02-17T23:23:54 IST" duration-ms="4106" status="PASS">
          <reporter-output>
          </reporter-output>
        </test-method> <!-- url -->
        <test-method signature="test01()[pri:0, instance:Home.Test@43f02ef2]" started-at="2025-02-17T23:23:54 IST" name="test01" finished-at="2025-02-17T23:24:17 IST" duration-ms="22798" status="PASS">
          <reporter-output>
          </reporter-output>
        </test-method> <!-- test01 -->
        <test-method is-config="true" signature="end()[pri:0, instance:Home.Test@43f02ef2]" started-at="2025-02-17T23:24:17 IST" name="end" finished-at="2025-02-17T23:24:17 IST" duration-ms="311" status="PASS">
          <reporter-output>
          </reporter-output>
        </test-method> <!-- end -->
      </class> <!-- Home.Test -->
    </test> <!-- edge -->
    <test started-at="2025-02-17T23:24:17 IST" name="Test" finished-at="2025-02-17T23:24:17 IST" duration-ms="0">
    </test> <!-- Test -->
  </suite> <!-- Suite -->
</testng-results>
