<?xml version="1.0" encoding="UTF-8"?>
<testng-results ignored="0" total="2" passed="2" failed="0" skipped="0">
  <reporter-output>
  </reporter-output>
  <suite started-at="2025-02-11T16:03:10 IST" name="Suite" finished-at="2025-02-11T16:04:09 IST" duration-ms="58569">
    <groups>
    </groups>
    <test started-at="2025-02-11T16:03:10 IST" name="chrome" finished-at="2025-02-11T16:03:42 IST" duration-ms="31275">
      <class name="Home.Test">
        <test-method is-config="true" signature="setup(java.lang.String)[pri:0, instance:Home.Test@8462f31]" started-at="2025-02-11T16:03:10 IST" name="setup" finished-at="2025-02-11T16:03:12 IST" duration-ms="1986" status="PASS">
          <params>
            <param index="0">
              <value>
                <![CDATA[chrome]]>
              </value>
            </param>
          </params>
          <reporter-output>
          </reporter-output>
        </test-method> <!-- setup -->
        <test-method is-config="true" signature="url()[pri:0, instance:Home.Test@8462f31]" started-at="2025-02-11T16:03:12 IST" name="url" finished-at="2025-02-11T16:03:19 IST" duration-ms="6820" status="PASS">
          <reporter-output>
          </reporter-output>
        </test-method> <!-- url -->
        <test-method signature="test01()[pri:0, instance:Home.Test@8462f31]" started-at="2025-02-11T16:03:19 IST" name="test01" finished-at="2025-02-11T16:03:41 IST" duration-ms="22307" status="PASS">
          <reporter-output>
          </reporter-output>
        </test-method> <!-- test01 -->
        <test-method is-config="true" signature="end()[pri:0, instance:Home.Test@8462f31]" started-at="2025-02-11T16:03:41 IST" name="end" finished-at="2025-02-11T16:03:42 IST" duration-ms="134" status="PASS">
          <reporter-output>
          </reporter-output>
        </test-method> <!-- end -->
      </class> <!-- Home.Test -->
    </test> <!-- chrome -->
    <test started-at="2025-02-11T16:03:42 IST" name="edge" finished-at="2025-02-11T16:04:09 IST" duration-ms="27273">
      <class name="Home.Test">
        <test-method is-config="true" signature="setup(java.lang.String)[pri:0, instance:Home.Test@43f02ef2]" started-at="2025-02-11T16:03:42 IST" name="setup" finished-at="2025-02-11T16:03:44 IST" duration-ms="2455" status="PASS">
          <params>
            <param index="0">
              <value>
                <![CDATA[edge]]>
              </value>
            </param>
          </params>
          <reporter-output>
          </reporter-output>
        </test-method> <!-- setup -->
        <test-method is-config="true" signature="url()[pri:0, instance:Home.Test@43f02ef2]" started-at="2025-02-11T16:03:44 IST" name="url" finished-at="2025-02-11T16:03:49 IST" duration-ms="4490" status="PASS">
          <reporter-output>
          </reporter-output>
        </test-method> <!-- url -->
        <test-method signature="test01()[pri:0, instance:Home.Test@43f02ef2]" started-at="2025-02-11T16:03:49 IST" name="test01" finished-at="2025-02-11T16:04:09 IST" duration-ms="20149" status="PASS">
          <reporter-output>
          </reporter-output>
        </test-method> <!-- test01 -->
        <test-method is-config="true" signature="end()[pri:0, instance:Home.Test@43f02ef2]" started-at="2025-02-11T16:04:09 IST" name="end" finished-at="2025-02-11T16:04:09 IST" duration-ms="176" status="PASS">
          <reporter-output>
          </reporter-output>
        </test-method> <!-- end -->
      </class> <!-- Home.Test -->
    </test> <!-- edge -->
    <test started-at="2025-02-11T16:04:09 IST" name="Test" finished-at="2025-02-11T16:04:09 IST" duration-ms="1">
    </test> <!-- Test -->
  </suite> <!-- Suite -->
</testng-results>
